TN:
SF:src/components/signInForm/constants.ts
FNF:0
FNH:0
DA:1,1
DA:2,1
DA:3,1
DA:4,1
LF:4
LH:4
BRF:0
BRH:0
end_of_record
TN:
SF:src/components/signInForm/signInForm.tsx
FN:10,(anonymous_6)
FN:15,(anonymous_7)
FN:16,(anonymous_8)
FN:34,(anonymous_9)
FN:44,(anonymous_10)
FNF:5
FNH:5
FNDA:4,(anonymous_6)
FNDA:1,(anonymous_7)
FNDA:1,(anonymous_8)
FNDA:1,(anonymous_9)
FNDA:1,(anonymous_10)
DA:1,1
DA:2,1
DA:3,1
DA:10,1
DA:11,4
DA:12,4
DA:13,4
DA:15,4
DA:16,1
DA:18,1
DA:21,1
DA:24,4
DA:34,1
DA:44,1
LF:14
LH:14
BRF:0
BRH:0
end_of_record
TN:
SF:src/contexts/auth.tsx
FN:22,(anonymous_6)
FN:23,(anonymous_7)
FN:23,(anonymous_8)
FN:38,(anonymous_9)
FNF:4
FNH:4
FNDA:1,(anonymous_6)
FNDA:1,(anonymous_7)
FNDA:1,(anonymous_8)
FNDA:2,(anonymous_9)
DA:1,2
DA:2,2
DA:5,2
DA:14,2
DA:22,2
DA:23,1
DA:24,1
DA:31,1
DA:38,2
LF:9
LH:9
BRF:0
BRH:0
end_of_record
